[Feb 18 2016 17:14:42] ERROR_HANDLER 
Number:  8
Message: unserialize(): Error at offset 0 of 14 bytes
File:    /var/www/html/wordpress/wp-content/plugins/all-in-one-wp-migration/lib/vendor/mysqldump-factory/mysqldump-factory/lib/MysqlDumpUtility.php
Line:    59
-------------------------------------------- 
[Feb 18 2016 17:14:42] ERROR_HANDLER 
Number:  8
Message: unserialize(): Error at offset 0 of 31 bytes
File:    /var/www/html/wordpress/wp-content/plugins/all-in-one-wp-migration/lib/vendor/mysqldump-factory/mysqldump-factory/lib/MysqlDumpUtility.php
Line:    59
-------------------------------------------- 
[Feb 18 2016 17:14:42] ERROR_HANDLER 
Number:  8
Message: unserialize(): Error at offset 0 of 183 bytes
File:    /var/www/html/wordpress/wp-content/plugins/all-in-one-wp-migration/lib/vendor/mysqldump-factory/mysqldump-factory/lib/MysqlDumpUtility.php
Line:    59
-------------------------------------------- 
[Feb 18 2016 17:14:42] ERROR_HANDLER 
Number:  8
Message: unserialize(): Error at offset 0 of 17 bytes
File:    /var/www/html/wordpress/wp-content/plugins/all-in-one-wp-migration/lib/vendor/mysqldump-factory/mysqldump-factory/lib/MysqlDumpUtility.php
Line:    59
-------------------------------------------- 
[Feb 18 2016 17:14:42] ERROR_HANDLER 
Number:  8
Message: unserialize(): Error at offset 0 of 22 bytes
File:    /var/www/html/wordpress/wp-content/plugins/all-in-one-wp-migration/lib/vendor/mysqldump-factory/mysqldump-factory/lib/MysqlDumpUtility.php
Line:    59
-------------------------------------------- 
[Feb 18 2016 17:14:42] ERROR_HANDLER 
Number:  8
Message: unserialize(): Error at offset 0 of 14 bytes
File:    /var/www/html/wordpress/wp-content/plugins/all-in-one-wp-migration/lib/vendor/mysqldump-factory/mysqldump-factory/lib/MysqlDumpUtility.php
Line:    59
-------------------------------------------- 
[Feb 18 2016 17:14:42] ERROR_HANDLER 
Number:  8
Message: unserialize(): Error at offset 0 of 44 bytes
File:    /var/www/html/wordpress/wp-content/plugins/all-in-one-wp-migration/lib/vendor/mysqldump-factory/mysqldump-factory/lib/MysqlDumpUtility.php
Line:    59
-------------------------------------------- 
[Feb 18 2016 17:14:42] ERROR_HANDLER 
Number:  8
Message: unserialize(): Error at offset 0 of 125 bytes
File:    /var/www/html/wordpress/wp-content/plugins/all-in-one-wp-migration/lib/vendor/mysqldump-factory/mysqldump-factory/lib/MysqlDumpUtility.php
Line:    59
-------------------------------------------- 
[Feb 18 2016 17:14:42] ERROR_HANDLER 
Number:  8
Message: unserialize(): Error at offset 0 of 12 bytes
File:    /var/www/html/wordpress/wp-content/plugins/all-in-one-wp-migration/lib/vendor/mysqldump-factory/mysqldump-factory/lib/MysqlDumpUtility.php
Line:    59
-------------------------------------------- 
[Feb 18 2016 17:14:42] ERROR_HANDLER 
Number:  8
Message: unserialize(): Error at offset 0 of 27 bytes
File:    /var/www/html/wordpress/wp-content/plugins/all-in-one-wp-migration/lib/vendor/mysqldump-factory/mysqldump-factory/lib/MysqlDumpUtility.php
Line:    59
-------------------------------------------- 
